Base path: '/media/mike/Donut/Apps/Unity/2019.3.0f6/Editor/Data', plugins path '/media/mike/Donut/Apps/Unity/2019.3.0f6/Editor/Data/PlaybackEngines'
Cmd: initializeCompiler
Cmd: compileComputeKernel
  api=15 insize=7960 outsize=3214 ok=1
Cmd: compileComputeKernel
  api=15 insize=9919 outsize=4037 ok=1
Cmd: compileComputeKernel
  api=18 insize=9919 outsize=7275 ok=1
Cmd: compileComputeKernel
  api=18 insize=9919 outsize=7349 ok=1
Cmd: compileComputeKernel
  api=15 insize=7959 outsize=3708 ok=1
Cmd: compileComputeKernel
  error: 1 plat 15 at Tensor.cginc(141): use of potentially uninitialized variable (ReadonlyTensor::SafeGet)
  api=15 insize=49356 outsize=6273 ok=1
Cmd: compileComputeKernel
  api=15 insize=49356 outsize=3704 ok=1
Cmd: compileComputeKernel
  api=15 insize=49356 outsize=3124 ok=1
Cmd: compileComputeKernel
  api=15 insize=49356 outsize=3114 ok=1
Cmd: compileComputeKernel
  api=15 insize=49356 outsize=3736 ok=1
Cmd: compileComputeKernel
  api=15 insize=49356 outsize=4266 ok=1
Cmd: compileComputeKernel
  api=15 insize=49356 outsize=4313 ok=1
Cmd: compileComputeKernel
  api=15 insize=49356 outsize=3117 ok=1
Cmd: compileComputeKernel
  api=15 insize=49356 outsize=4492 ok=1
Cmd: compileComputeKernel
  api=18 insize=49356 outsize=7516 ok=1
Cmd: compileComputeKernel
  api=18 insize=49356 outsize=5775 ok=1
Cmd: compileComputeKernel
  api=18 insize=49356 outsize=6938 ok=1
Cmd: compileComputeKernel
  api=18 insize=49356 outsize=7808 ok=1
Cmd: compileComputeKernel
  api=18 insize=49356 outsize=5983 ok=1
Cmd: compileComputeKernel
  api=18 insize=49356 outsize=9379 ok=1
Cmd: compileComputeKernel
  api=18 insize=49356 outsize=5820 ok=1
Cmd: compileComputeKernel
  api=18 insize=49356 outsize=7041 ok=1
Cmd: compileComputeKernel
  api=18 insize=49356 outsize=10304 ok=1
Cmd: compileComputeKernel
  api=15 insize=68835 outsize=12065 ok=1
Cmd: compileComputeKernel
  api=18 insize=68835 outsize=18492 ok=1
Cmd: compileComputeKernel
  api=15 insize=29386 outsize=1809 ok=1
Cmd: compileComputeKernel
  api=15 insize=29386 outsize=1577 ok=1
Cmd: compileComputeKernel
  api=15 insize=29386 outsize=1920 ok=1
Cmd: compileComputeKernel
  api=15 insize=29386 outsize=1895 ok=1
Cmd: compileComputeKernel
  api=15 insize=29386 outsize=1961 ok=1
Cmd: compileComputeKernel
  api=15 insize=29386 outsize=1805 ok=1
Cmd: compileComputeKernel
  api=15 insize=29386 outsize=3020 ok=1
Cmd: compileComputeKernel
  api=15 insize=29386 outsize=3284 ok=1
Cmd: compileComputeKernel
  api=15 insize=29386 outsize=3231 ok=1
Cmd: compileComputeKernel
  api=15 insize=29386 outsize=3025 ok=1
Cmd: compileComputeKernel
  api=15 insize=29386 outsize=3018 ok=1
Cmd: compileComputeKernel
  api=15 insize=29386 outsize=2997 ok=1
Cmd: compileComputeKernel
  api=18 insize=29386 outsize=3391 ok=1
Cmd: compileComputeKernel
  api=18 insize=29386 outsize=4178 ok=1
Cmd: compileComputeKernel
  api=18 insize=29386 outsize=3742 ok=1
Cmd: compileComputeKernel
  api=18 insize=29386 outsize=3862 ok=1
Cmd: compileComputeKernel
  api=18 insize=29386 outsize=3471 ok=1
Cmd: compileComputeKernel
  api=18 insize=29386 outsize=5379 ok=1
Cmd: compileComputeKernel
  api=18 insize=29386 outsize=5971 ok=1
Cmd: compileComputeKernel
  api=18 insize=29386 outsize=5769 ok=1
Cmd: compileComputeKernel
  api=18 insize=29386 outsize=5848 ok=1
Cmd: compileComputeKernel
  api=18 insize=29386 outsize=5512 ok=1
Cmd: compileComputeKernel
  api=18 insize=29386 outsize=6606 ok=1
Cmd: compileComputeKernel
  api=15 insize=45671 outsize=9075 ok=1
Cmd: compileComputeKernel
  api=15 insize=45671 outsize=25611 ok=1
Cmd: compileComputeKernel
  api=18 insize=45671 outsize=11940 ok=1
Cmd: compileComputeKernel
  api=18 insize=45671 outsize=14585 ok=1
Cmd: compileComputeKernel
  api=18 insize=4103 outsize=6621 ok=1
