Base path: '/media/mike/Donut/Apps/Unity/2019.3.0f6/Editor/Data', plugins path '/media/mike/Donut/Apps/Unity/2019.3.0f6/Editor/Data/PlaybackEngines'
Cmd: initializeCompiler
Cmd: compileComputeKernel
  api=15 insize=7960 outsize=2650 ok=1
Cmd: compileComputeKernel
  api=18 insize=7960 outsize=4334 ok=1
Cmd: compileComputeKernel
  api=18 insize=7960 outsize=5715 ok=1
Cmd: compileComputeKernel
  api=15 insize=9919 outsize=4037 ok=1
Cmd: compileComputeKernel
  api=15 insize=9919 outsize=4084 ok=1
Cmd: compileComputeKernel
  api=18 insize=9919 outsize=7291 ok=1
Cmd: compileComputeKernel
  api=18 insize=9919 outsize=7283 ok=1
Cmd: compileComputeKernel
  api=15 insize=7959 outsize=4319 ok=1
Cmd: compileComputeKernel
  api=18 insize=7959 outsize=6643 ok=1
Cmd: compileComputeKernel
  api=15 insize=49356 outsize=3571 ok=1
Cmd: compileComputeKernel
  api=15 insize=49356 outsize=3175 ok=1
Cmd: compileComputeKernel
  api=15 insize=49356 outsize=6650 ok=1
Cmd: compileComputeKernel
  api=15 insize=49356 outsize=3091 ok=1
Cmd: compileComputeKernel
  api=15 insize=49356 outsize=3102 ok=1
Cmd: compileComputeKernel
  api=15 insize=49356 outsize=5031 ok=1
Cmd: compileComputeKernel
  api=15 insize=49356 outsize=4556 ok=1
Cmd: compileComputeKernel
  api=15 insize=49356 outsize=3879 ok=1
Cmd: compileComputeKernel
  api=18 insize=49356 outsize=46563 ok=1
Cmd: compileComputeKernel
  api=18 insize=49356 outsize=7923 ok=1
Cmd: compileComputeKernel
  api=18 insize=49356 outsize=5812 ok=1
Cmd: compileComputeKernel
  api=18 insize=49356 outsize=6300 ok=1
Cmd: compileComputeKernel
  api=15 insize=68835 outsize=6126 ok=1
Cmd: compileComputeKernel
  error: 1 plat 18 at Tensor.cginc(155): use of potentially uninitialized variable (ReadonlyTensor::SafeGet)
  api=18 insize=68835 outsize=40845 ok=1
Cmd: compileComputeKernel
  api=15 insize=29386 outsize=1942 ok=1
Cmd: compileComputeKernel
  api=15 insize=29386 outsize=2536 ok=1
Cmd: compileComputeKernel
  api=15 insize=29386 outsize=2259 ok=1
Cmd: compileComputeKernel
  api=15 insize=29386 outsize=2174 ok=1
Cmd: compileComputeKernel
  api=15 insize=29386 outsize=1848 ok=1
Cmd: compileComputeKernel
  api=15 insize=29386 outsize=2898 ok=1
Cmd: compileComputeKernel
  api=15 insize=29386 outsize=3224 ok=1
Cmd: compileComputeKernel
  api=15 insize=29386 outsize=3167 ok=1
Cmd: compileComputeKernel
  api=15 insize=29386 outsize=2970 ok=1
Cmd: compileComputeKernel
  api=15 insize=29386 outsize=2935 ok=1
Cmd: compileComputeKernel
  api=18 insize=29386 outsize=3148 ok=1
Cmd: compileComputeKernel
  api=18 insize=29386 outsize=3223 ok=1
Cmd: compileComputeKernel
  api=18 insize=29386 outsize=3757 ok=1
Cmd: compileComputeKernel
  api=18 insize=29386 outsize=3619 ok=1
Cmd: compileComputeKernel
  api=18 insize=29386 outsize=3576 ok=1
Cmd: compileComputeKernel
  api=18 insize=29386 outsize=2397 ok=1
Cmd: compileComputeKernel
  api=18 insize=29386 outsize=3369 ok=1
Cmd: compileComputeKernel
  api=18 insize=29386 outsize=5452 ok=1
Cmd: compileComputeKernel
  api=18 insize=29386 outsize=7492 ok=1
Cmd: compileComputeKernel
  api=18 insize=29386 outsize=6033 ok=1
Cmd: compileComputeKernel
  api=18 insize=29386 outsize=5747 ok=1
Cmd: compileComputeKernel
  api=18 insize=29386 outsize=5422 ok=1
Cmd: compileComputeKernel
  api=15 insize=45671 outsize=16425 ok=1
Cmd: compileComputeKernel
  api=18 insize=45671 outsize=39088 ok=1
Cmd: compileComputeKernel
  api=15 insize=4103 outsize=3847 ok=1
