Base path: '/media/mike/Donut/Apps/Unity/2019.3.0f6/Editor/Data', plugins path '/media/mike/Donut/Apps/Unity/2019.3.0f6/Editor/Data/PlaybackEngines'
Cmd: initializeCompiler
Cmd: compileComputeKernel
  api=15 insize=7960 outsize=5453 ok=1
Cmd: compileComputeKernel
  api=15 insize=9919 outsize=4041 ok=1
Cmd: compileComputeKernel
  api=15 insize=9919 outsize=4327 ok=1
Cmd: compileComputeKernel
  api=18 insize=9919 outsize=7347 ok=1
Cmd: compileComputeKernel
  api=15 insize=7959 outsize=6114 ok=1
Cmd: compileComputeKernel
  api=15 insize=49356 outsize=3553 ok=1
Cmd: compileComputeKernel
  api=15 insize=49356 outsize=4563 ok=1
Cmd: compileComputeKernel
  api=15 insize=49356 outsize=3010 ok=1
Cmd: compileComputeKernel
  api=15 insize=49356 outsize=3039 ok=1
Cmd: compileComputeKernel
  api=15 insize=49356 outsize=2997 ok=1
Cmd: compileComputeKernel
  api=15 insize=49356 outsize=4269 ok=1
Cmd: compileComputeKernel
  api=15 insize=49356 outsize=4316 ok=1
Cmd: compileComputeKernel
  api=15 insize=49356 outsize=4309 ok=1
Cmd: compileComputeKernel
  api=15 insize=49356 outsize=3118 ok=1
Cmd: compileComputeKernel
  api=18 insize=49356 outsize=6986 ok=1
Cmd: compileComputeKernel
  api=18 insize=49356 outsize=12131 ok=1
Cmd: compileComputeKernel
  api=18 insize=49356 outsize=6581 ok=1
Cmd: compileComputeKernel
  api=18 insize=49356 outsize=6148 ok=1
Cmd: compileComputeKernel
  api=18 insize=49356 outsize=5738 ok=1
Cmd: compileComputeKernel
  api=18 insize=49356 outsize=7340 ok=1
Cmd: compileComputeKernel
  api=18 insize=49356 outsize=8000 ok=1
Cmd: compileComputeKernel
  api=18 insize=49356 outsize=8621 ok=1
Cmd: compileComputeKernel
  api=18 insize=49356 outsize=6045 ok=1
Cmd: compileComputeKernel
  api=15 insize=68835 outsize=15709 ok=1
Cmd: compileComputeKernel
  api=15 insize=29386 outsize=1926 ok=1
Cmd: compileComputeKernel
  api=15 insize=29386 outsize=2252 ok=1
Cmd: compileComputeKernel
  api=15 insize=29386 outsize=2037 ok=1
Cmd: compileComputeKernel
  api=15 insize=29386 outsize=1960 ok=1
Cmd: compileComputeKernel
  api=15 insize=29386 outsize=2025 ok=1
Cmd: compileComputeKernel
  api=15 insize=29386 outsize=1906 ok=1
Cmd: compileComputeKernel
  api=15 insize=29386 outsize=2939 ok=1
Cmd: compileComputeKernel
  api=15 insize=29386 outsize=3011 ok=1
Cmd: compileComputeKernel
  api=15 insize=29386 outsize=3146 ok=1
Cmd: compileComputeKernel
  api=15 insize=29386 outsize=2933 ok=1
Cmd: compileComputeKernel
  api=15 insize=29386 outsize=2999 ok=1
Cmd: compileComputeKernel
  api=15 insize=29386 outsize=3036 ok=1
Cmd: compileComputeKernel
  api=18 insize=29386 outsize=3393 ok=1
Cmd: compileComputeKernel
  api=18 insize=29386 outsize=3598 ok=1
Cmd: compileComputeKernel
  api=18 insize=29386 outsize=3436 ok=1
Cmd: compileComputeKernel
  api=18 insize=29386 outsize=3594 ok=1
Cmd: compileComputeKernel
  api=18 insize=29386 outsize=5637 ok=1
Cmd: compileComputeKernel
  api=18 insize=29386 outsize=6124 ok=1
Cmd: compileComputeKernel
  api=18 insize=29386 outsize=5538 ok=1
Cmd: compileComputeKernel
  api=18 insize=29386 outsize=5575 ok=1
Cmd: compileComputeKernel
  api=18 insize=29386 outsize=5580 ok=1
Cmd: compileComputeKernel
  api=15 insize=45671 outsize=5840 ok=1
Cmd: compileComputeKernel
  api=18 insize=45671 outsize=10623 ok=1
Cmd: compileComputeKernel
  api=18 insize=45671 outsize=48316 ok=1
Cmd: compileComputeKernel
  api=18 insize=4103 outsize=7731 ok=1

Quitting shader compiler process
