Base path: '/media/mike/Donut/Apps/Unity/2019.3.0f6/Editor/Data', plugins path '/media/mike/Donut/Apps/Unity/2019.3.0f6/Editor/Data/PlaybackEngines'
Cmd: initializeCompiler
Cmd: compileComputeKernel
  api=15 insize=7960 outsize=3544 ok=1
Cmd: compileComputeKernel
  api=18 insize=7960 outsize=6143 ok=1
Cmd: compileComputeKernel
  api=15 insize=9919 outsize=4041 ok=1
Cmd: compileComputeKernel
  api=15 insize=9919 outsize=4327 ok=1
Cmd: compileComputeKernel
  api=18 insize=9919 outsize=7275 ok=1
Cmd: compileComputeKernel
  api=18 insize=9919 outsize=7345 ok=1
Cmd: compileComputeKernel
  api=15 insize=7959 outsize=4523 ok=1
Cmd: compileComputeKernel
  error: 1 plat 15 at Tensor.cginc(141): use of potentially uninitialized variable (ReadonlyTensor::SafeGet)
  api=15 insize=49356 outsize=5159 ok=1
Cmd: compileComputeKernel
  api=15 insize=49356 outsize=3785 ok=1
Cmd: compileComputeKernel
  api=15 insize=49356 outsize=3627 ok=1
Cmd: compileComputeKernel
  api=15 insize=49356 outsize=3037 ok=1
Cmd: compileComputeKernel
  api=15 insize=49356 outsize=4266 ok=1
Cmd: compileComputeKernel
  api=15 insize=49356 outsize=4307 ok=1
Cmd: compileComputeKernel
  api=15 insize=49356 outsize=4557 ok=1
Cmd: compileComputeKernel
  api=15 insize=49356 outsize=3103 ok=1
Cmd: compileComputeKernel
  api=18 insize=49356 outsize=6678 ok=1
Cmd: compileComputeKernel
  api=18 insize=49356 outsize=6002 ok=1
Cmd: compileComputeKernel
  api=18 insize=49356 outsize=7092 ok=1
Cmd: compileComputeKernel
  api=18 insize=49356 outsize=5768 ok=1
Cmd: compileComputeKernel
  api=18 insize=49356 outsize=7923 ok=1
Cmd: compileComputeKernel
  api=18 insize=49356 outsize=7931 ok=1
Cmd: compileComputeKernel
  api=18 insize=49356 outsize=5761 ok=1
Cmd: compileComputeKernel
  api=18 insize=49356 outsize=9901 ok=1
Cmd: compileComputeKernel
  error: 1 plat 15 at Tensor.cginc(155): use of potentially uninitialized variable (ReadonlyTensor::SafeGet)
  api=15 insize=68835 outsize=25226 ok=1
Cmd: compileComputeKernel
  api=18 insize=68835 outsize=20290 ok=1
Cmd: compileComputeKernel
  api=15 insize=29386 outsize=1825 ok=1
Cmd: compileComputeKernel
  api=15 insize=29386 outsize=2385 ok=1
Cmd: compileComputeKernel
  api=15 insize=29386 outsize=2082 ok=1
Cmd: compileComputeKernel
  api=15 insize=29386 outsize=1910 ok=1
Cmd: compileComputeKernel
  api=15 insize=29386 outsize=1841 ok=1
Cmd: compileComputeKernel
  api=15 insize=29386 outsize=2986 ok=1
Cmd: compileComputeKernel
  api=15 insize=29386 outsize=2517 ok=1
Cmd: compileComputeKernel
  api=15 insize=29386 outsize=3214 ok=1
Cmd: compileComputeKernel
  api=15 insize=29386 outsize=3072 ok=1
Cmd: compileComputeKernel
  api=15 insize=29386 outsize=2971 ok=1
Cmd: compileComputeKernel
  api=18 insize=29386 outsize=2269 ok=1
Cmd: compileComputeKernel
  api=18 insize=29386 outsize=3150 ok=1
Cmd: compileComputeKernel
  api=18 insize=29386 outsize=4509 ok=1
Cmd: compileComputeKernel
  api=18 insize=29386 outsize=3333 ok=1
Cmd: compileComputeKernel
  api=18 insize=29386 outsize=3193 ok=1
Cmd: compileComputeKernel
  api=18 insize=29386 outsize=3193 ok=1
Cmd: compileComputeKernel
  api=18 insize=29386 outsize=5532 ok=1
Cmd: compileComputeKernel
  api=18 insize=29386 outsize=5605 ok=1
Cmd: compileComputeKernel
  api=18 insize=29386 outsize=5986 ok=1
Cmd: compileComputeKernel
  api=18 insize=29386 outsize=5562 ok=1
Cmd: compileComputeKernel
  api=18 insize=29386 outsize=5575 ok=1
Cmd: compileComputeKernel
  api=18 insize=29386 outsize=5359 ok=1
Cmd: compileComputeKernel
  api=15 insize=45671 outsize=22094 ok=1
Cmd: compileComputeKernel
  api=15 insize=4103 outsize=3026 ok=1
Cmd: compileComputeKernel
  api=18 insize=1810 outsize=11309 ok=1

Quitting shader compiler process
