Base path: '/media/mike/Donut/Apps/Unity/2019.3.0f6/Editor/Data', plugins path '/media/mike/Donut/Apps/Unity/2019.3.0f6/Editor/Data/PlaybackEngines'
Cmd: initializeCompiler
Cmd: initializeCompiler
Cmd: preprocessCompute
  insize=7938 outsize=7960 ok=1
Cmd: compileComputeKernel
  api=15 insize=7960 outsize=2510 ok=1
Cmd: compileComputeKernel
  api=15 insize=7960 outsize=3401 ok=1
Cmd: compileComputeKernel
  api=15 insize=7960 outsize=3483 ok=1
Cmd: compileComputeKernel
  api=15 insize=7960 outsize=2938 ok=1
Cmd: compileComputeKernel
  api=18 insize=7960 outsize=4565 ok=1
Cmd: compileComputeKernel
  api=18 insize=7960 outsize=9952 ok=1
Cmd: compileComputeKernel
  api=18 insize=7960 outsize=5796 ok=1
Cmd: preprocessCompute
  insize=9889 outsize=9919 ok=1
Cmd: compileComputeKernel
  api=15 insize=9919 outsize=4802 ok=1
Cmd: compileComputeKernel
  api=15 insize=9919 outsize=4078 ok=1
Cmd: compileComputeKernel
  api=18 insize=9919 outsize=8731 ok=1
Cmd: preprocessCompute
  insize=7947 outsize=7959 ok=1
Cmd: compileComputeKernel
  api=18 insize=7959 outsize=7660 ok=1
Cmd: compileComputeKernel
  api=18 insize=7959 outsize=10662 ok=1
Cmd: preprocessCompute
  insize=49232 outsize=49356 ok=1
Cmd: compileComputeKernel
  error: 1 plat 15 at Tensor.cginc(141): use of potentially uninitialized variable (ReadonlyTensor::SafeGet)
  api=15 insize=49356 outsize=6814 ok=1
Cmd: compileComputeKernel
  api=15 insize=49356 outsize=3444 ok=1
Cmd: compileComputeKernel
  api=15 insize=49356 outsize=3558 ok=1
Cmd: compileComputeKernel
  api=15 insize=49356 outsize=3327 ok=1
Cmd: compileComputeKernel
  api=15 insize=49356 outsize=4266 ok=1
Cmd: compileComputeKernel
  api=15 insize=49356 outsize=4270 ok=1
Cmd: compileComputeKernel
  api=15 insize=49356 outsize=3488 ok=1
Cmd: compileComputeKernel
  api=15 insize=49356 outsize=5540 ok=1
Cmd: compileComputeKernel
  error: 1 plat 18 at Tensor.cginc(141): use of potentially uninitialized variable (ReadonlyTensor::SafeGet)
  api=18 insize=49356 outsize=11103 ok=1
Cmd: compileComputeKernel
  api=18 insize=49356 outsize=5666 ok=1
Cmd: compileComputeKernel
  api=18 insize=49356 outsize=5854 ok=1
Cmd: compileComputeKernel
  api=18 insize=49356 outsize=5878 ok=1
Cmd: compileComputeKernel
  api=18 insize=49356 outsize=7939 ok=1
Cmd: compileComputeKernel
  api=18 insize=49356 outsize=7995 ok=1
Cmd: compileComputeKernel
  api=18 insize=49356 outsize=7993 ok=1
Cmd: preprocessCompute
  insize=68819 outsize=68835 ok=1
Cmd: compileComputeKernel
  api=15 insize=68835 outsize=6908 ok=1
Cmd: compileComputeKernel
  api=18 insize=68835 outsize=11633 ok=1
Cmd: compileComputeKernel
  api=18 insize=68835 outsize=31561 ok=1
Cmd: preprocessCompute
  insize=29208 outsize=29386 ok=1
Cmd: compileComputeKernel
  api=15 insize=29386 outsize=1918 ok=1
Cmd: compileComputeKernel
  api=15 insize=29386 outsize=2049 ok=1
Cmd: compileComputeKernel
  api=15 insize=29386 outsize=2039 ok=1
Cmd: compileComputeKernel
  api=15 insize=29386 outsize=1922 ok=1
Cmd: compileComputeKernel
  api=15 insize=29386 outsize=1991 ok=1
Cmd: compileComputeKernel
  api=15 insize=29386 outsize=1983 ok=1
Cmd: compileComputeKernel
  api=15 insize=29386 outsize=3240 ok=1
Cmd: compileComputeKernel
  api=15 insize=29386 outsize=3097 ok=1
Cmd: compileComputeKernel
  api=15 insize=29386 outsize=3087 ok=1
Cmd: compileComputeKernel
  api=15 insize=29386 outsize=2982 ok=1
Cmd: compileComputeKernel
  api=15 insize=29386 outsize=3077 ok=1
Cmd: compileComputeKernel
  api=15 insize=29386 outsize=3455 ok=1
Cmd: compileComputeKernel
  api=18 insize=29386 outsize=2439 ok=1
Cmd: compileComputeKernel
  api=18 insize=29386 outsize=4000 ok=1
Cmd: compileComputeKernel
  api=18 insize=29386 outsize=3309 ok=1
Cmd: compileComputeKernel
  api=18 insize=29386 outsize=3436 ok=1
Cmd: compileComputeKernel
  api=18 insize=29386 outsize=3130 ok=1
Cmd: compileComputeKernel
  api=18 insize=29386 outsize=3495 ok=1
Cmd: compileComputeKernel
  api=18 insize=29386 outsize=6139 ok=1
Cmd: compileComputeKernel
  api=18 insize=29386 outsize=5584 ok=1
Cmd: compileComputeKernel
  api=18 insize=29386 outsize=5691 ok=1
Cmd: compileComputeKernel
  api=18 insize=29386 outsize=5765 ok=1
Cmd: compileComputeKernel
  api=18 insize=29386 outsize=5598 ok=1
Cmd: preprocessCompute
  insize=45651 outsize=45671 ok=1
Cmd: compileComputeKernel
  api=15 insize=45671 outsize=8008 ok=1
Cmd: compileComputeKernel
  api=18 insize=45671 outsize=16832 ok=1
Cmd: compileComputeKernel
  api=18 insize=45671 outsize=53735 ok=1
Cmd: preprocessCompute
  insize=4095 outsize=4103 ok=1
Cmd: compileComputeKernel
  api=18 insize=4103 outsize=5828 ok=1
Cmd: preprocessCompute
  insize=1808 outsize=1810 ok=1
Cmd: compileComputeKernel
  api=15 insize=1810 outsize=6753 ok=1
